0 info it worked if it ends with ok
1 verbose cli [ '/usr/local/bin/node', '/usr/local/bin/npm', 'run', 'serve' ]
2 info using npm@3.3.12
3 info using node@v5.2.0
4 verbose run-script [ 'preserve', 'serve', 'postserve' ]
5 info lifecycle workshop-4-5@0.0.1~preserve: workshop-4-5@0.0.1
6 silly lifecycle workshop-4-5@0.0.1~preserve: no script for preserve, continuing
7 info lifecycle workshop-4-5@0.0.1~serve: workshop-4-5@0.0.1
8 verbose lifecycle workshop-4-5@0.0.1~serve: unsafe-perm in lifecycle true
9 verbose lifecycle workshop-4-5@0.0.1~serve: PATH: /usr/local/lib/node_modules/npm/bin/node-gyp-bin:/Users/shadow/Documents/git/Workshop4and5/node_modules/.bin:/Applications/Postgres.app/Contents/Versions/9.5/bin/:/usr/local/bin:/usr/bin:/bin:/usr/sbin:/sbin:/usr/local/share/dotnet:/Library/Frameworks/Mono.framework/Versions/Current/Commands
10 verbose lifecycle workshop-4-5@0.0.1~serve: CWD: /Users/shadow/Documents/git/Workshop4and5
11 silly lifecycle workshop-4-5@0.0.1~serve: Args: [ '-c', 'webpack-dev-server --content-base build' ]
12 silly lifecycle workshop-4-5@0.0.1~serve: Returned: code: 1  signal: null
13 info lifecycle workshop-4-5@0.0.1~serve: Failed to exec serve script
14 verbose stack Error: workshop-4-5@0.0.1 serve: `webpack-dev-server --content-base build`
14 verbose stack Exit status 1
14 verbose stack     at EventEmitter.<anonymous> (/usr/local/lib/node_modules/npm/lib/utils/lifecycle.js:232:16)
14 verbose stack     at emitTwo (events.js:88:13)
14 verbose stack     at EventEmitter.emit (events.js:173:7)
14 verbose stack     at ChildProcess.<anonymous> (/usr/local/lib/node_modules/npm/lib/utils/spawn.js:24:14)
14 verbose stack     at emitTwo (events.js:88:13)
14 verbose stack     at ChildProcess.emit (events.js:173:7)
14 verbose stack     at maybeClose (internal/child_process.js:819:16)
14 verbose stack     at Process.ChildProcess._handle.onexit (internal/child_process.js:212:5)
15 verbose pkgid workshop-4-5@0.0.1
16 verbose cwd /Users/shadow/Documents/git/Workshop4and5
17 error Darwin 16.0.0
18 error argv "/usr/local/bin/node" "/usr/local/bin/npm" "run" "serve"
19 error node v5.2.0
20 error npm  v3.3.12
21 error code ELIFECYCLE
22 error workshop-4-5@0.0.1 serve: `webpack-dev-server --content-base build`
22 error Exit status 1
23 error Failed at the workshop-4-5@0.0.1 serve script 'webpack-dev-server --content-base build'.
23 error Make sure you have the latest version of node.js and npm installed.
23 error If you do, this is most likely a problem with the workshop-4-5 package,
23 error not with npm itself.
23 error Tell the author that this fails on your system:
23 error     webpack-dev-server --content-base build
23 error You can get their info via:
23 error     npm owner ls workshop-4-5
23 error There is likely additional logging output above.
24 verbose exit [ 1, true ]
